<?xml version="1.0" encoding="UTF-8"?>
<!-- Generated by org.testng.reporters.JUnitXMLReporter -->
<testsuite ignored="0" hostname="DESKTOP-8PB9TF0" failures="0" tests="3" name="Default test" time="2.715" errors="0" timestamp="2025-07-02T07:43:40 IST">
  <testcase classname="apiautomationpractices.DataProviderEx1" name="addBook" time="2.399"/>
  <testcase classname="apiautomationpractices.DataProviderEx1" name="addBook" time="0.12"/>
  <testcase classname="apiautomationpractices.DataProviderEx1" name="addBook" time="0.104"/>
</testsuite> <!-- Default test -->
