<?xml version="1.0" encoding="UTF-8"?>
<testng-results ignored="0" total="3" passed="3" failed="0" skipped="0">
  <reporter-output>
  </reporter-output>
  <suite started-at="2025-07-02T07:43:37 IST" name="Default suite" finished-at="2025-07-02T07:43:40 IST" duration-ms="2715">
    <groups>
    </groups>
    <test started-at="2025-07-02T07:43:37 IST" name="Default test" finished-at="2025-07-02T07:43:40 IST" duration-ms="2715">
      <class name="apiautomationpractices.DataProviderEx1">
        <test-method signature="addBook(java.lang.String,java.lang.String,java.lang.String)[pri:0, instance:apiautomationpractices.DataProviderEx1@6b2ea799]" started-at="2025-07-02T07:43:37 IST" name="addBook" data-provider="BookDetails" finished-at="2025-07-02T07:43:40 IST" duration-ms="2399" status="PASS">
          <params>
            <param index="0">
              <value>
                <![CDATA[NFGG]]>
              </value>
            </param>
            <param index="1">
              <value>
                <![CDATA[1234]]>
              </value>
            </param>
            <param index="2">
              <value>
                <![CDATA[THIRU]]>
              </value>
            </param>
          </params>
          <reporter-output>
          </reporter-output>
        </test-method> <!-- addBook -->
        <test-method signature="addBook(java.lang.String,java.lang.String,java.lang.String)[pri:0, instance:apiautomationpractices.DataProviderEx1@6b2ea799]" started-at="2025-07-02T07:43:40 IST" name="addBook" data-provider="BookDetails" finished-at="2025-07-02T07:43:40 IST" duration-ms="120" status="PASS">
          <params>
            <param index="0">
              <value>
                <![CDATA[AABB]]>
              </value>
            </param>
            <param index="1">
              <value>
                <![CDATA[2345]]>
              </value>
            </param>
            <param index="2">
              <value>
                <![CDATA[TITJ]]>
              </value>
            </param>
          </params>
          <reporter-output>
          </reporter-output>
        </test-method> <!-- addBook -->
        <test-method signature="addBook(java.lang.String,java.lang.String,java.lang.String)[pri:0, instance:apiautomationpractices.DataProviderEx1@6b2ea799]" started-at="2025-07-02T07:43:40 IST" name="addBook" data-provider="BookDetails" finished-at="2025-07-02T07:43:40 IST" duration-ms="104" status="PASS">
          <params>
            <param index="0">
              <value>
                <![CDATA[AAYB]]>
              </value>
            </param>
            <param index="1">
              <value>
                <![CDATA[2745]]>
              </value>
            </param>
            <param index="2">
              <value>
                <![CDATA[TOTJ]]>
              </value>
            </param>
          </params>
          <reporter-output>
          </reporter-output>
        </test-method> <!-- addBook -->
        <test-method is-config="true" signature="printAllResponses()[pri:0, instance:apiautomationpractices.DataProviderEx1@6b2ea799]" started-at="2025-07-02T07:43:40 IST" name="printAllResponses" finished-at="2025-07-02T07:43:40 IST" duration-ms="6" status="PASS">
          <reporter-output>
          </reporter-output>
        </test-method> <!-- printAllResponses -->
      </class> <!-- apiautomationpractices.DataProviderEx1 -->
    </test> <!-- Default test -->
  </suite> <!-- Default suite -->
</testng-results>
